Log file open, 02/13/25 16:29:39
LogWindows: Enabling Tpause support
LogTrace: Initializing trace...
LogTrace: Finished trace initialization.
LogInit: Session CrashGUID >====================================================
         Session CrashGUID >   UECC-Windows-429C2D254CB6B9ABF4F53CAB1F4C7C9D
         Session CrashGUID >====================================================
LogConfig: No local boot hotfix file found at: [../../../../../../Users/Cassandra/Desktop/Liams game/Galactius/Galactius_project/Saved/PersistentDownloadDir/HotfixForNextBoot.txt]
LogPluginManager: Mounting Engine plugin PlatformCrypto
LogInit: ExecutableName: UnrealPak.exe
LogInit: Build: ++UE5+Release-5.5-CL-39772772
LogInit: Platform=WindowsEditor
LogInit: MachineId=8835238f481bcb02062f2fa7ddc76f1c
LogInit: DeviceId=
LogInit: Engine Version: 5.5.3-39772772+++UE5+Release-5.5
LogInit: Compatible Engine Version: 5.5.0-37670630+++UE5+Release-5.5
LogInit: Net CL: 37670630
LogInit: OS: Windows 11 (24H2) [10.0.26100.3194] (), CPU: 12th Gen Intel(R) Core(TM) i5-12600KF, GPU: NVIDIA GeForce RTX 4060
LogInit: Compiled (64-bit): Feb  5 2025 22:49:28
LogInit: Architecture: x64
LogInit: Compiled with Visual C++: 19.38.33130.00
LogInit: Build Configuration: Development
LogInit: Branch Name: ++UE5+Release-5.5
LogInit: Command Line: -CreateGlobalContainer="C:\Users\Cassandra\Desktop\Liams game\Galactius\Galactius_project\Saved\StagedBuilds\Windows\Galactius_project\Content\Paks\global.utoc" -PackageStoreManifest="C:\Users\Cassandra\Desktop\Liams game\Galactius\Galactius_project\Saved\Cooked\Windows\Galactius_project\Metadata\packagestore.manifest" -CookedDirectory="C:\Users\Cassandra\Desktop\Liams game\Galactius\Galactius_project\Saved\Cooked\Windows" -Commands="C:\Users\Cassandra\AppData\Roaming\Unreal Engine\AutomationTool\Logs\C+Program+Files+Epic+Games+UE_5.5\IoStoreCommands.txt" -ScriptObjects="C:\Users\Cassandra\Desktop\Liams game\Galactius\Galactius_project\Saved\Cooked\Windows\Galactius_project\Metadata\scriptobjects.bin" -patchpaddingalign=2048 -compressionformats=Oodle -compresslevel=7 -compressmethod=Kraken -cryptokeys="C:\Users\Cassandra\Desktop\Liams game\Galactius\Galactius_project\Saved\Cooked\Windows\Galactius_project\Metadata\Crypto.json" -compressionMinBytesSaved=1024 -compressionMinPercentSaved=5 -WriteBackMetadataToAssetRegistry=Disabled -nopak
LogInit: Base Directory: C:/Program Files/Epic Games/UE_5.5/Engine/Binaries/Win64/
LogInit: Allocator: Mimalloc
LogInit: Installed Engine Build: 1
LogInit: This binary is optimized with LTO: no, PGO: no, instrumented for PGO data collection: no
LogDevObjectVersion: Number of dev versions registered: 35
LogDevObjectVersion:   Dev-Blueprints (B0D832E4-1F89-4F0D-ACCF-7EB736FD4AA2): 10
LogDevObjectVersion:   Dev-Build (E1C64328-A22C-4D53-A36C-8E866417BD8C): 0
LogDevObjectVersion:   Dev-Core (375EC13C-06E4-48FB-B500-84F0262A717E): 4
LogDevObjectVersion:   Dev-Editor (E4B068ED-F494-42E9-A231-DA0B2E46BB41): 40
LogDevObjectVersion:   Dev-Framework (CFFC743F-43B0-4480-9391-14DF171D2073): 37
LogDevObjectVersion:   Dev-Mobile (B02B49B5-BB20-44E9-A304-32B752E40360): 3
LogDevObjectVersion:   Dev-Networking (A4E4105C-59A1-49B5-A7C5-40C4547EDFEE): 0
LogDevObjectVersion:   Dev-Online (39C831C9-5AE6-47DC-9A44-9C173E1C8E7C): 0
LogDevObjectVersion:   Dev-Physics (78F01B33-EBEA-4F98-B9B4-84EACCB95AA2): 20
LogDevObjectVersion:   Dev-Platform (6631380F-2D4D-43E0-8009-CF276956A95A): 0
LogDevObjectVersion:   Dev-Rendering (12F88B9F-8875-4AFC-A67C-D90C383ABD29): 49
LogDevObjectVersion:   Dev-Sequencer (7B5AE74C-D270-4C10-A958-57980B212A5A): 13
LogDevObjectVersion:   Dev-VR (D7296918-1DD6-4BDD-9DE2-64A83CC13884): 3
LogDevObjectVersion:   Dev-LoadTimes (C2A15278-BFE7-4AFE-6C17-90FF531DF755): 1
LogDevObjectVersion:   Private-Geometry (6EACA3D4-40EC-4CC1-B786-8BED09428FC5): 3
LogDevObjectVersion:   Dev-AnimPhys (29E575DD-E0A3-4627-9D10-D276232CDCEA): 17
LogDevObjectVersion:   Dev-Anim (AF43A65D-7FD3-4947-9873-3E8ED9C1BB05): 15
LogDevObjectVersion:   Dev-ReflectionCapture (6B266CEC-1EC7-4B8F-A30B-E4D90942FC07): 1
LogDevObjectVersion:   Dev-Automation (0DF73D61-A23F-47EA-B727-89E90C41499A): 1
LogDevObjectVersion:   FortniteMain (601D1886-AC64-4F84-AA16-D3DE0DEAC7D6): 170
LogDevObjectVersion:   FortniteValkyrie (8DBC2C5B-54A7-43E0-A768-FCBB7DA29060): 8
LogDevObjectVersion:   FortniteSeason (5B4C06B7-2463-4AF8-805B-BF70CDF5D0DD): 13
LogDevObjectVersion:   FortniteRelease (E7086368-6B23-4C58-8439-1B7016265E91): 15
LogDevObjectVersion:   Dev-Enterprise (9DFFBCD6-494F-0158-E221-12823C92A888): 10
LogDevObjectVersion:   Dev-Niagara (F2AED0AC-9AFE-416F-8664-AA7FFA26D6FC): 1
LogDevObjectVersion:   Dev-Destruction (174F1F0B-B4C6-45A5-B13F-2EE8D0FB917D): 10
LogDevObjectVersion:   Dev-Physics-Ext (35F94A83-E258-406C-A318-09F59610247C): 41
LogDevObjectVersion:   Dev-PhysicsMaterial-Chaos (B68FC16E-8B1B-42E2-B453-215C058844FE): 1
LogDevObjectVersion:   Dev-CineCamera (B2E18506-4273-CFC2-A54E-F4BB758BBA07): 1
LogDevObjectVersion:   Dev-VirtualProduction (64F58936-FD1B-42BA-BA96-7289D5D0FA4E): 1
LogDevObjectVersion:   UE5-Main (697DD581-E64F-41AB-AA4A-51ECBEB7B628): 119
LogDevObjectVersion:   UE5-Release (D89B5E42-24BD-4D46-8412-ACA8DF641779): 51
LogDevObjectVersion:   UE5-PrivateFrosty (59DA5D52-1232-4948-B878-597870B8E98B): 8
LogDevObjectVersion:   Dev-MediaFramework (6F0ED827-A609-4895-9C91-998D90180EA4): 2
LogDevObjectVersion:   Dev-NaniteResearch (30D58BE3-95EA-4282-A6E3-B159D8EBB06A): 1
LogConfig: Branch 'PlatformCrypto' had been unloaded. Reloading on-demand took 0.26ms
LogInit: Presizing for max 100000 objects, including 0 objects not considered by GC.
LogInit: Object subsystem initialized
LogConfig: Applying CVar settings from Section [Startup] File [../../../Engine/Config/ConsoleVariables.ini]
LogConfig: CVar [[r.DumpShaderDebugInfo:2]] deferred - dummy variable created
LogConfig: CVar [[p.chaos.AllowCreatePhysxBodies:1]] deferred - dummy variable created
LogConfig: CVar [[fx.SkipVectorVMBackendOptimizations:1]] deferred - dummy variable created
LogConfig: CVar [[ds.CADTranslator.Meshing.ActivateThinZoneMeshing:0]] deferred - dummy variable created
LogConfig: CVar [[ds.CADTranslator.Stitching.RemoveThinFaces:0]] deferred - dummy variable created
LogConfig: Applying CVar settings from Section [Startup_Windows] File [../../../Engine/Config/ConsoleVariables.ini]
LogConfig: Applying CVar settings from Section [ConsoleVariables] File [Engine]
LogConfig: Set CVar [[memory.MemoryPressureCriticalThresholdMB:512]]
[2025.02.13-05.29.39:129][  0]LogInit: Computer: DESKTOP-PJLD7EI
[2025.02.13-05.29.39:129][  0]LogInit: User: Cassandra
[2025.02.13-05.29.39:129][  0]LogInit: CPU Page size=4096, Cores=10
[2025.02.13-05.29.39:129][  0]LogInit: High frequency timer resolution =10.000000 MHz
[2025.02.13-05.29.39:269][  0]LogMemory: Process is running as part of a Windows Job with separate resource limits
[2025.02.13-05.29.39:269][  0]LogMemory: Memory total: Physical=15.8GB (16GB approx) Virtual=28.8GB
[2025.02.13-05.29.39:269][  0]LogMemory: Platform Memory Stats for WindowsEditor
[2025.02.13-05.29.39:269][  0]LogMemory: Process Physical Memory: 61.43 MB used, 62.20 MB peak
[2025.02.13-05.29.39:269][  0]LogMemory: Process Virtual Memory: 123.79 MB used, 123.79 MB peak
[2025.02.13-05.29.39:269][  0]LogMemory: Physical Memory: 8041.68 MB used,  8184.06 MB free, 16225.74 MB total
[2025.02.13-05.29.39:269][  0]LogMemory: Virtual Memory: 21326.92 MB used,  8210.82 MB free, 29537.74 MB total
[2025.02.13-05.29.39:273][  0]LogAssetRegistry: FAssetRegistry took 0.0001 seconds to start up
[2025.02.13-05.29.39:273][  0]LogUObjectArray: 438 objects as part of root set at end of initial load.
[2025.02.13-05.29.39:273][  0]LogUObjectArray: CloseDisregardForGC: 0/0 objects in disregard for GC pool
[2025.02.13-05.29.39:273][  0]LogInit: Using OS detected language ().
[2025.02.13-05.29.39:273][  0]LogInit: Using OS detected locale ().
[2025.02.13-05.29.39:274][  0]LogTextLocalizationManager: No localization for '' exists, so 'en' will be used for the language.
[2025.02.13-05.29.39:274][  0]LogTextLocalizationManager: No localization for '' exists, so 'en' will be used for the locale.
[2025.02.13-05.29.39:274][  0]LogInit: Using OS detected language ().
[2025.02.13-05.29.39:274][  0]LogInit: Using OS detected locale ().
[2025.02.13-05.29.39:274][  0]LogTextLocalizationManager: No localization for '' exists, so 'en' will be used for the language.
[2025.02.13-05.29.39:274][  0]LogTextLocalizationManager: No localization for '' exists, so 'en' will be used for the locale.
[2025.02.13-05.29.39:274][  0]LogPakFile: Display: ProjectDir: ../../../../../../Users/Cassandra/Desktop/Liams game/Galactius/Galactius_project/
[2025.02.13-05.29.39:275][  0]LogIoStore: Display: ==================== IoStore Utils ====================
[2025.02.13-05.29.39:276][  0]LogIoStore: Display: Parsing crypto keys from a crypto key cache file 'C:\Users\Cassandra\Desktop\Liams game\Galactius\Galactius_project\Saved\Cooked\Windows\Galactius_project\Metadata\Crypto.json'
[2025.02.13-05.29.39:278][  0]LogIoStore: Display: Container signing - DISABLED
[2025.02.13-05.29.39:278][  0]LogIoStore: Display: Directory index - ENABLED
[2025.02.13-05.29.39:278][  0]LogIoStore: Display: Using compression format 'Oodle'
[2025.02.13-05.29.39:278][  0]LogIoStore: Display: Using memory mapping alignment '16384'
[2025.02.13-05.29.39:278][  0]LogIoStore: Display: Using compression block size '65536'
[2025.02.13-05.29.39:278][  0]LogIoStore: Display: Using compression block alignment '2048'
[2025.02.13-05.29.39:278][  0]LogIoStore: Display: Using compression min bytes saved '1024'
[2025.02.13-05.29.39:278][  0]LogIoStore: Display: Using compression min percent saved '5'
[2025.02.13-05.29.39:278][  0]LogIoStore: Display: Using max partition size '0'
[2025.02.13-05.29.39:278][  0]LogIoStore: Display: Not using DDC for compression
[2025.02.13-05.29.39:278][  0]LogIoStore: Display: Using command list file: 'C:\Users\Cassandra\AppData\Roaming\Unreal Engine\AutomationTool\Logs\C+Program+Files+Epic+Games+UE_5.5\IoStoreCommands.txt'
[2025.02.13-05.29.39:298][  0]LogIoStore: Display: Selected Oodle level 7 (Optimal3) from command line for shaders
[2025.02.13-05.29.39:299][  0]LogIoStore: Display: Fetched 533 oplog items from Manifest in 0.00 seconds
[2025.02.13-05.29.39:301][  0]LogIoStore: Display: Parsed 533 oplog items 0.00 seconds, 657 chunks
[2025.02.13-05.29.39:306][  0]LogIoStore: Display: Using input asset registry: C:/Users/Cassandra/Desktop/Liams game/Galactius/Galactius_project/Saved/Cooked/Windows/Galactius_project/Metadata/DevelopmentAssetRegistry.bin
[2025.02.13-05.29.39:310][  0]LogIoStore: Display: Loaded 137 chunk hashes from AssetRegistry in 0.01 seconds, 137 hashes updated in 0.00 seconds
[2025.02.13-05.29.39:312][  0]LogIoStore: Display: Searching for cooked assets in folder 'C:\Users\Cassandra\Desktop\Liams game\Galactius\Galactius_project\Saved\Cooked\Windows'
[2025.02.13-05.29.39:324][  0]LogIoStore: Display: Found '1185' files
[2025.02.13-05.29.39:332][  0]LogIoStore: Display: Creating container targets...
[2025.02.13-05.29.39:334][  0]OodleDataCompression: Display: Oodle v2.9.12 format for pak/iostore with method=Kraken, level=7=Optimal3
[2025.02.13-05.29.39:368][  0]LogIoStore: Display: Parsing packages...
[2025.02.13-05.29.39:368][  0]LogIoStore: Display: Reading package assets...
[2025.02.13-05.29.39:384][  0]LogIoStore: Display: Packages read 520 files in 0.02 seconds, 794,641 total bytes, 51,572,269 bytes per second
[2025.02.13-05.29.39:385][  0]LogIoStore: Display: Processing shader libraries, compressing with Oodle Mermaid, level 7 (Optimal3)
[2025.02.13-05.29.39:391][  0]LogShaderLibrary: Display: Created IoStoreShaderArchive header: shaders grouped in 169 groups (58 of them didn't need new indices), average uncompressed size 133660 bytes, min 490 bytes, max 982542 bytes (r.ShaderCodeLibrary.MaxShaderGroupSize=1048576)
[2025.02.13-05.29.40:019][  0]LogIoStore: Display: Galactius_project-PCD3D_SM5(PCD3D_SM5): Recompressed 1639 shaders as 169 groups. Library size changed from 5987 KB (3.68 : 1 ratio) to 1539 KB (14.33 : 1 ratio), 25.71% of previous.
[2025.02.13-05.29.40:031][  0]LogShaderLibrary: Display: Created IoStoreShaderArchive header: shaders grouped in 191 groups (51 of them didn't need new indices), average uncompressed size 174628 bytes, min 2342 bytes, max 1046629 bytes (r.ShaderCodeLibrary.MaxShaderGroupSize=1048576)
[2025.02.13-05.29.41:025][  0]LogIoStore: Display: Galactius_project-PCD3D_SM6(PCD3D_SM6): Recompressed 2415 shaders as 191 groups. Library size changed from 24595 KB (1.32 : 1 ratio) to 13362 KB (2.44 : 1 ratio), 54.33% of previous.
[2025.02.13-05.29.41:041][  0]LogShaderLibrary: Display: Created IoStoreShaderArchive header: shaders grouped in 359 groups (135 of them didn't need new indices), average uncompressed size 157579 bytes, min 249 bytes, max 1042473 bytes (r.ShaderCodeLibrary.MaxShaderGroupSize=1048576)
[2025.02.13-05.29.42:847][  0]LogIoStore: Display: Global-PCD3D_SM5(PCD3D_SM5): Recompressed 3890 shaders as 359 groups. Library size changed from 12673 KB (4.36 : 1 ratio) to 4082 KB (13.53 : 1 ratio), 32.21% of previous.
[2025.02.13-05.29.42:902][  0]LogShaderLibrary: Display: Created IoStoreShaderArchive header: shaders grouped in 474 groups (151 of them didn't need new indices), average uncompressed size 205251 bytes, min 1249 bytes, max 1023661 bytes (r.ShaderCodeLibrary.MaxShaderGroupSize=1048576)
[2025.02.13-05.29.45:928][  0]LogIoStore: Display: Global-PCD3D_SM6(PCD3D_SM6): Recompressed 6420 shaders as 474 groups. Library size changed from 72467 KB (1.31 : 1 ratio) to 38300 KB (2.48 : 1 ratio), 52.85% of previous.
[2025.02.13-05.29.45:933][  0]LogIoStore: Display: Shaders processed in 6.55 seconds
[2025.02.13-05.29.45:934][  0]LogIoStore: Display: Initialized WriteRequestManager with MaxConcurrentSourceReads=8 (16 cores), MaxSourceBufferMemory=3072MiB
[2025.02.13-05.29.45:935][  0]LogIoStore: Display: Processing redirects...
[2025.02.13-05.29.45:936][  0]LogIoStore: Display: Creating disk layout...
[2025.02.13-05.29.45:936][  0]LogIoStore: Display: Ordered 520 packages using fallback bundle order
[2025.02.13-05.29.45:944][  0]LogIoStore: Display: Serializing container(s)...
[2025.02.13-05.29.47:946][  0]LogIoStore: Display: Writing chunks 1055/1854... [42 compressed] [4990 compression tasks] [Physical: 1939 MiB, Virtual: 4806 MiB]
[2025.02.13-05.29.49:958][  0]LogIoStore: Display: Writing chunks 1055/1854... [42 compressed] [4801 compression tasks] [Physical: 1887 MiB, Virtual: 4734 MiB]
[2025.02.13-05.29.51:967][  0]LogIoStore: Display: Writing chunks 1055/1854... [42 compressed] [4609 compression tasks] [Physical: 1911 MiB, Virtual: 4734 MiB]
[2025.02.13-05.29.53:972][  0]LogIoStore: Display: Writing chunks 1055/1854... [42 compressed] [4422 compression tasks] [Physical: 1927 MiB, Virtual: 4729 MiB]
[2025.02.13-05.29.55:978][  0]LogIoStore: Display: Writing chunks 1055/1854... [42 compressed] [4232 compression tasks] [Physical: 1944 MiB, Virtual: 4724 MiB]
[2025.02.13-05.29.57:988][  0]LogIoStore: Display: Writing chunks 1055/1854... [42 compressed] [4057 compression tasks] [Physical: 1953 MiB, Virtual: 4716 MiB]
[2025.02.13-05.30.00:002][  0]LogIoStore: Display: Writing chunks 1055/1854... [42 compressed] [3871 compression tasks] [Physical: 1976 MiB, Virtual: 4718 MiB]
[2025.02.13-05.30.02:013][  0]LogIoStore: Display: Writing chunks 1055/1854... [42 compressed] [3682 compression tasks] [Physical: 1998 MiB, Virtual: 4718 MiB]
[2025.02.13-05.30.04:017][  0]LogIoStore: Display: Writing chunks 1055/1854... [42 compressed] [3500 compression tasks] [Physical: 2019 MiB, Virtual: 4718 MiB]
[2025.02.13-05.30.06:028][  0]LogIoStore: Display: Writing chunks 1055/1854... [42 compressed] [3307 compression tasks] [Physical: 2042 MiB, Virtual: 4718 MiB]
[2025.02.13-05.30.08:033][  0]LogIoStore: Display: Writing chunks 1055/1854... [42 compressed] [3125 compression tasks] [Physical: 2056 MiB, Virtual: 4713 MiB]
[2025.02.13-05.30.10:043][  0]LogIoStore: Display: Writing chunks 1055/1854... [42 compressed] [2949 compression tasks] [Physical: 2081 MiB, Virtual: 4718 MiB]
[2025.02.13-05.30.12:057][  0]LogIoStore: Display: Writing chunks 1055/1854... [42 compressed] [2762 compression tasks] [Physical: 2112 MiB, Virtual: 4726 MiB]
[2025.02.13-05.30.14:072][  0]LogIoStore: Display: Writing chunks 1055/1854... [42 compressed] [2586 compression tasks] [Physical: 2134 MiB, Virtual: 4729 MiB]
[2025.02.13-05.30.16:078][  0]LogIoStore: Display: Writing chunks 1055/1854... [42 compressed] [2403 compression tasks] [Physical: 2149 MiB, Virtual: 4724 MiB]
[2025.02.13-05.30.18:087][  0]LogIoStore: Display: Writing chunks 1055/1854... [42 compressed] [2221 compression tasks] [Physical: 2168 MiB, Virtual: 4721 MiB]
[2025.02.13-05.30.20:102][  0]LogIoStore: Display: Writing chunks 1055/1854... [42 compressed] [2039 compression tasks] [Physical: 2191 MiB, Virtual: 4724 MiB]
[2025.02.13-05.30.22:116][  0]LogIoStore: Display: Writing chunks 1348/1854... [245 compressed] [1663 compression tasks] [Physical: 1438 MiB, Virtual: 3938 MiB]
[2025.02.13-05.30.24:122][  0]LogIoStore: Display: Writing chunks 1701/1854... [507 compressed] [1048 compression tasks] [Physical: 1452 MiB, Virtual: 3865 MiB]
[2025.02.13-05.30.26:142][  0]LogIoStore: Display: Writing chunks 1721/1854... [525 compressed] [733 compression tasks] [Physical: 1442 MiB, Virtual: 3787 MiB]
[2025.02.13-05.30.28:149][  0]LogIoStore: Display: Writing chunks 1731/1854... [535 compressed] [380 compression tasks] [Physical: 1393 MiB, Virtual: 3696 MiB]
[2025.02.13-05.30.30:156][  0]LogIoStore: Display: Writing chunks 1746/1854... [550 compressed] [188 compression tasks] [Physical: 1360 MiB, Virtual: 3637 MiB]
[2025.02.13-05.30.31:001][  0]LogIoStore: Display: Writing and compressing took 44.11 seconds, writes to disk took 0.62 seconds for 500,004,784 bytes @ 801,044,783 bytes per second.
[2025.02.13-05.30.31:001][  0]LogIoStore: Display: global: Found perfect hashmap for 1 items.
[2025.02.13-05.30.31:001][  0]LogIoStore: Display: Galactius_project-Windows: Found perfect hashmap for 1853 items.
[2025.02.13-05.30.31:005][  0]LogIoStore: Display: Finalize took 0.0 seconds for 2 writers to write 365,068 bytes, 84,457,605 bytes per second
[2025.02.13-05.30.31:005][  0]LogIoStore: Display: Writing tocs... [Physical: 1349 MiB, Virtual: 3614 MiB]
[2025.02.13-05.30.31:005][  0]LogIoStore: Display: 137 / 1,854 hashes were loaded from the hash database, by type:
[2025.02.13-05.30.31:005][  0]LogIoStore: Display:     BulkData                   137
[2025.02.13-05.30.31:006][  0]LogIoStore: Display: 657 / 1,854 chunks attempted to compress, by type:
[2025.02.13-05.30.31:006][  0]LogIoStore: Display:     ExportBundleData           520 / 520
[2025.02.13-05.30.31:006][  0]LogIoStore: Display:     BulkData                   137 / 137
[2025.02.13-05.30.31:006][  0]LogIoStore: Display:     ScriptObjects              0 / 1
[2025.02.13-05.30.31:006][  0]LogIoStore: Display:     ContainerHeader            0 / 1
[2025.02.13-05.30.31:006][  0]LogIoStore: Display:     ShaderCodeLibrary          0 / 4
[2025.02.13-05.30.31:006][  0]LogIoStore: Display:     ShaderCode                 0 / 1,191
[2025.02.13-05.30.31:006][  0]LogIoStore: Display: Source bytes read:
[2025.02.13-05.30.31:006][  0]LogIoStore: Display:     Zen:                                  0
[2025.02.13-05.30.31:006][  0]LogIoStore: Display:     Loose File:               2,143,360,858
[2025.02.13-05.30.31:006][  0]LogIoStore: Display:         ExportBundleData       1,949,702,172 bytes over 1,040 reads
[2025.02.13-05.30.31:006][  0]LogIoStore: Display:         BulkData                193,658,686 bytes over 137 reads
[2025.02.13-05.30.31:006][  0]LogIoStore: Display:     Memory:                     118,474,962
[2025.02.13-05.30.31:006][  0]LogIoStore: Display:         ShaderCodeLibrary         1,160,880 bytes over 8 reads
[2025.02.13-05.30.31:006][  0]LogIoStore: Display:         ShaderCode              117,314,082 bytes over 2,382 reads
[2025.02.13-05.30.31:006][  0]LogIoStore: Display: Calculating stats...
[2025.02.13-05.30.31:006][  0]LogIoStore: Display: 
[2025.02.13-05.30.31:006][  0]LogIoStore: Display: Container Summary
[2025.02.13-05.30.31:006][  0]LogIoStore: Display: ==================
[2025.02.13-05.30.31:006][  0]LogIoStore: Display: 
[2025.02.13-05.30.31:006][  0]LogIoStore: Display: Container                                               Flags      Chunk(s) #       TOC (KiB)       Raw Size (MiB)           Size (MiB)
[2025.02.13-05.30.31:006][  0]LogIoStore: Display: ----------------------------------------------------------------------------------------------------------------------------------------------
[2025.02.13-05.30.31:006][  0]LogIoStore: Display: global                                              -/-/-/-/-               1            0.62                 2.29                 2.29 -
[2025.02.13-05.30.31:006][  0]LogIoStore: Display: Galactius_project-Windows                           C/-/-/I/-            1853          355.89              1172.69               474.55 (59.53% Oodle)
[2025.02.13-05.30.31:006][  0]LogIoStore: Display: ----------------------------------------------------------------------------------------------------------------------------------------------
[2025.02.13-05.30.31:006][  0]LogIoStore: Display: Total                                                                    1854          356.51              1174.98               476.84
[2025.02.13-05.30.31:006][  0]LogIoStore: Display: 
[2025.02.13-05.30.31:006][  0]LogIoStore: Display: ** Flags: (C)ompressed / (E)ncrypted / (S)igned) / (I)ndexed) / (O)nDemand **
[2025.02.13-05.30.31:006][  0]LogIoStore: Display: 
[2025.02.13-05.30.31:006][  0]LogIoStore: Display: Compression block padding:     1.33 MiB
[2025.02.13-05.30.31:006][  0]LogIoStore: Display: 
[2025.02.13-05.30.31:006][  0]LogIoStore: Display: Container Directory Index
[2025.02.13-05.30.31:006][  0]LogIoStore: Display: ==========================
[2025.02.13-05.30.31:006][  0]LogIoStore: Display: 
[2025.02.13-05.30.31:006][  0]LogIoStore: Display: Container                                          Size (KiB)
[2025.02.13-05.30.31:006][  0]LogIoStore: Display: ----------------------------------------------------------------------------------------------------------------------------------------------
[2025.02.13-05.30.31:006][  0]LogIoStore: Display: global                                                   0.00
[2025.02.13-05.30.31:006][  0]LogIoStore: Display: Galactius_project-Windows                               31.93
[2025.02.13-05.30.31:006][  0]LogIoStore: Display: 
[2025.02.13-05.30.31:006][  0]LogIoStore: Display: Container Patch Report
[2025.02.13-05.30.31:006][  0]LogIoStore: Display: ========================
[2025.02.13-05.30.31:006][  0]LogIoStore: Display: 
[2025.02.13-05.30.31:006][  0]LogIoStore: Display: Container                                             Total #       Modified #          Added #   Modified (MiB)      Added (MiB)
[2025.02.13-05.30.31:006][  0]LogIoStore: Display: ----------------------------------------------------------------------------------------------------------------------------------------------
[2025.02.13-05.30.31:006][  0]LogIoStore: Display: global                                                      1                0                0             0.00             0.00
[2025.02.13-05.30.31:006][  0]LogIoStore: Display: Galactius_project-Windows                                1853                0             1853             0.00           473.22
[2025.02.13-05.30.31:006][  0]LogIoStore: Display: 
[2025.02.13-05.30.31:006][  0]LogIoStore: Display: PackageStore
[2025.02.13-05.30.31:006][  0]LogIoStore: Display: =============
[2025.02.13-05.30.31:006][  0]LogIoStore: Display: 
[2025.02.13-05.30.31:006][  0]LogIoStore: Display: Container                                          Size (KiB)      Packages #     Localized #
[2025.02.13-05.30.31:006][  0]LogIoStore: Display: ----------------------------------------------------------------------------------------------------------------------------------------------
[2025.02.13-05.30.31:006][  0]LogIoStore: Display: Galactius_project-Windows                                  16             520               0
[2025.02.13-05.30.31:006][  0]LogIoStore: Display: ----------------------------------------------------------------------------------------------------------------------------------------------
[2025.02.13-05.30.31:006][  0]LogIoStore: Display: Total                                                      16             520               0
[2025.02.13-05.30.31:006][  0]LogIoStore: Display: 
[2025.02.13-05.30.31:006][  0]LogIoStore: Display: 
[2025.02.13-05.30.31:006][  0]LogIoStore: Display: Input:       520 Packages
[2025.02.13-05.30.31:006][  0]LogIoStore: Display: Input:      0.91 GB UExp
[2025.02.13-05.30.31:006][  0]LogIoStore: Display: Input:      0.00 GB UAsset
[2025.02.13-05.30.31:006][  0]LogIoStore: Display: Input:      0.18 GB UBulk
[2025.02.13-05.30.31:006][  0]LogIoStore: Display: Input:     41.39 MB for 833 Global shaders
[2025.02.13-05.30.31:006][  0]LogIoStore: Display: Input:      1.40 MB for 149 Shared shaders
[2025.02.13-05.30.31:006][  0]LogIoStore: Display: Input:      0.00 MB for 0 Unique shaders
[2025.02.13-05.30.31:006][  0]LogIoStore: Display: Input:     13.15 MB for 209 Inline shaders
[2025.02.13-05.30.31:006][  0]LogIoStore: Display: 
[2025.02.13-05.30.31:006][  0]LogIoStore: Display: Output:     4758 Name map entries
[2025.02.13-05.30.31:006][  0]LogIoStore: Display: Output:      503 Imported package entries
[2025.02.13-05.30.31:007][  0]LogIoStore: Display: Output:      312 Packages without imports
[2025.02.13-05.30.31:007][  0]LogIoStore: Display: Output:        0 Public runtime script objects
[2025.02.13-05.30.31:007][  0]LogIoStore: Display: Output:     0.00 GB HeaderData
[2025.02.13-05.30.31:007][  0]LogIoStore: Display: Output:     2.29 MB InitialLoadData
[2025.02.13-05.30.31:007][  0]LogIoStore: Display: 
[2025.02.13-05.30.31:017][  0]LogPakFile: Display: UnrealPak executed in 51.743497 seconds
[2025.02.13-05.30.31:028][  0]LogCore: Engine exit requested (reason: UnrealPak Exiting)
[2025.02.13-05.30.31:028][  0]LogExit: Preparing to exit.
[2025.02.13-05.30.31:029][  0]LogExit: Object subsystem successfully closed.
[2025.02.13-05.30.31:030][  0]LogPakFile: Destroying PakPlatformFile
[2025.02.13-05.30.31:031][  0]LogExit: Exiting.
[2025.02.13-05.30.31:039][  0]Log file closed, 02/13/25 16:30:31
