[+] Containers:
 |- [+] Container: /Game/base
 |   |- [+] ActorDescs:
 |   |   |- Guid:03920DF94EEFC9F86CC66185D32A3DA1 NativeClass:/Script/Engine.StaticMeshActor Name:StaticMeshActor_UAID_A4AE111137DC54FB00_1240666663 Label:SM_SkySphere SpatiallyLoaded:false EditorBounds:IsValid=true, Min=(X=-1638400.000 Y=-1638400.000 Z=-1638400.000), Max=(X=1638400.000 Y=1638400.000 Z=1638400.000) RuntimeBounds:IsValid=true, Min=(X=-1638400.000 Y=-1638400.000 Z=-1638400.000), Max=(X=1638400.000 Y=1638400.000 Z=1638400.000) RuntimeGrid:None EditorOnly:false RuntimeOnly:false HLODRelevant:false ListedInSceneOutliner:true IsMainWorldOnly:true FolderPath:Lighting FolderGuid:B7E9BD5B45A652654791988DEF54CCEB
 |   |   |- Guid:1DE8D7AC4103A2EABA11649C7FCF8ACA NativeClass:/Script/Engine.SkyLight Name:SkyLight_UAID_A85E45CFE40401D200_1470380759 Label:SkyLight SpatiallyLoaded:false EditorBounds:IsValid=true, Min=(X=-1.000 Y=-1.000 Z=-1.000), Max=(X=1.000 Y=1.000 Z=2220.000) RuntimeBounds:IsValid=true, Min=(X=0.000 Y=0.000 Z=2220.000), Max=(X=0.000 Y=0.000 Z=2220.000) RuntimeGrid:None EditorOnly:false RuntimeOnly:false HLODRelevant:false ListedInSceneOutliner:true IsMainWorldOnly:false FolderPath:Lighting FolderGuid:B7E9BD5B45A652654791988DEF54CCEB
 |   |   |- Guid:218E3B124735712D7EF272B4FB8E7FF6 NativeClass:/Script/Landscape.Landscape Name:Landscape_UAID_A85E45CFE404FBD100_1221515703 Label:Landscape SpatiallyLoaded:false EditorBounds:IsValid=true, Min=(X=0.000 Y=0.000 Z=0.000), Max=(X=252.000 Y=252.000 Z=252.000) RuntimeBounds:IsValid=true, Min=(X=-100800.000 Y=-100800.000 Z=100.000), Max=(X=-100800.000 Y=-100800.000 Z=100.000) RuntimeGrid:None EditorOnly:false RuntimeOnly:false HLODRelevant:false ListedInSceneOutliner:true IsMainWorldOnly:false
 |   |   |- Guid:2CE12F874AA39D020A0F4BA5739BD305 NativeClass:/Script/Engine.SkyAtmosphere Name:SkyAtmosphere_UAID_A85E45CFE40401D200_1470382762 Label:SkyAtmosphere SpatiallyLoaded:false EditorBounds:IsValid=true, Min=(X=0.000 Y=0.000 Z=0.000), Max=(X=0.000 Y=0.000 Z=0.000) RuntimeBounds:IsValid=true, Min=(X=0.000 Y=0.000 Z=0.000), Max=(X=0.000 Y=0.000 Z=0.000) RuntimeGrid:None EditorOnly:false RuntimeOnly:false HLODRelevant:false ListedInSceneOutliner:true IsMainWorldOnly:false FolderPath:Lighting FolderGuid:B7E9BD5B45A652654791988DEF54CCEB
 |   |   |- Guid:5368FABB47D6D9580DAECA8B0417BF92 NativeClass:/Script/Engine.WorldDataLayers Name:WorldDataLayers Label:WorldDataLayers-1 SpatiallyLoaded:false EditorBounds:IsValid=false, Min=(X=0.000 Y=0.000 Z=0.000), Max=(X=0.000 Y=0.000 Z=0.000) RuntimeBounds:IsValid=false, Min=(X=0.000 Y=0.000 Z=0.000), Max=(X=0.000 Y=0.000 Z=0.000) RuntimeGrid:None EditorOnly:false RuntimeOnly:false HLODRelevant:false ListedInSceneOutliner:true IsMainWorldOnly:true
 |   |   |- Guid:713AEC1349CED5DCFEA1EE87EA7713BA BaseClass:/Game/Enemies/Fighter/FighterSpawn.FighterSpawn_C NativeClass:/Script/Engine.Actor Name:FighterSpawn_C_UAID_D85ED37C95663F4102_1806650223 Label:FighterSpawn SpatiallyLoaded:true EditorBounds:IsValid=true, Min=(X=2888.125 Y=-200.000 Z=790.000), Max=(X=4170.400 Y=1300.000 Z=2290.000) RuntimeBounds:IsValid=true, Min=(X=2888.125 Y=-200.000 Z=790.000), Max=(X=4170.400 Y=1300.000 Z=2290.000) RuntimeGrid:None EditorOnly:false RuntimeOnly:false HLODRelevant:false ListedInSceneOutliner:true IsMainWorldOnly:false
 |   |   |- Guid:7D9890D341DC5A2324C8A4AACF8D1D0A BaseClass:/Game/Ship/Ship.Ship_C NativeClass:/Script/Engine.Character Name:Ship_C_UAID_74D83E79ADE1652402_1356312288 Label:Ship SpatiallyLoaded:true EditorBounds:IsValid=true, Min=(X=-16014.000 Y=-568.500 Z=1316.000), Max=(X=-13994.000 Y=1451.500 Z=3336.000) RuntimeBounds:IsValid=true, Min=(X=-15511.000 Y=70.738 Z=2180.000), Max=(X=-14935.000 Y=810.540 Z=2406.118) RuntimeGrid:None EditorOnly:false RuntimeOnly:false HLODRelevant:false ListedInSceneOutliner:true IsMainWorldOnly:false
 |   |   |- Guid:81F21FA74DD2A04A28EE498D7BD9A7A1 BaseClass:/Game/Enemies/Fighter/FighterSpawn.FighterSpawn_C NativeClass:/Script/Engine.Actor Name:FighterSpawn_C_UAID_D85ED37C9566444102_1109541104 Label:FighterSpawn2 SpatiallyLoaded:true EditorBounds:IsValid=true, Min=(X=2898.125 Y=12170.000 Z=790.000), Max=(X=4180.400 Y=13670.000 Z=2290.000) RuntimeBounds:IsValid=true, Min=(X=2898.125 Y=12170.000 Z=790.000), Max=(X=4180.400 Y=13670.000 Z=2290.000) RuntimeGrid:None EditorOnly:false RuntimeOnly:false HLODRelevant:false ListedInSceneOutliner:true IsMainWorldOnly:false
 |   |- [+] Clusters:
 |   |   |- [+] [  0]
 |   |   |   |- Guid:03920DF94EEFC9F86CC66185D32A3DA1 NativeClass:/Script/Engine.StaticMeshActor Name:StaticMeshActor_UAID_A4AE111137DC54FB00_1240666663 Label:SM_SkySphere SpatiallyLoaded:false EditorBounds:IsValid=true, Min=(X=-1638400.000 Y=-1638400.000 Z=-1638400.000), Max=(X=1638400.000 Y=1638400.000 Z=1638400.000) RuntimeBounds:IsValid=true, Min=(X=-1638400.000 Y=-1638400.000 Z=-1638400.000), Max=(X=1638400.000 Y=1638400.000 Z=1638400.000) RuntimeGrid:None EditorOnly:false RuntimeOnly:false HLODRelevant:false ListedInSceneOutliner:true IsMainWorldOnly:true FolderPath:Lighting FolderGuid:B7E9BD5B45A652654791988DEF54CCEB
 |   |   |- [+] [  1]
 |   |   |   |- Guid:1DE8D7AC4103A2EABA11649C7FCF8ACA NativeClass:/Script/Engine.SkyLight Name:SkyLight_UAID_A85E45CFE40401D200_1470380759 Label:SkyLight SpatiallyLoaded:false EditorBounds:IsValid=true, Min=(X=-1.000 Y=-1.000 Z=-1.000), Max=(X=1.000 Y=1.000 Z=2220.000) RuntimeBounds:IsValid=true, Min=(X=0.000 Y=0.000 Z=2220.000), Max=(X=0.000 Y=0.000 Z=2220.000) RuntimeGrid:None EditorOnly:false RuntimeOnly:false HLODRelevant:false ListedInSceneOutliner:true IsMainWorldOnly:false FolderPath:Lighting FolderGuid:B7E9BD5B45A652654791988DEF54CCEB
 |   |   |- [+] [  2]
 |   |   |   |- Guid:218E3B124735712D7EF272B4FB8E7FF6 NativeClass:/Script/Landscape.Landscape Name:Landscape_UAID_A85E45CFE404FBD100_1221515703 Label:Landscape SpatiallyLoaded:false EditorBounds:IsValid=true, Min=(X=0.000 Y=0.000 Z=0.000), Max=(X=252.000 Y=252.000 Z=252.000) RuntimeBounds:IsValid=true, Min=(X=-100800.000 Y=-100800.000 Z=100.000), Max=(X=-100800.000 Y=-100800.000 Z=100.000) RuntimeGrid:None EditorOnly:false RuntimeOnly:false HLODRelevant:false ListedInSceneOutliner:true IsMainWorldOnly:false
 |   |   |- [+] [  3]
 |   |   |   |- Guid:2CE12F874AA39D020A0F4BA5739BD305 NativeClass:/Script/Engine.SkyAtmosphere Name:SkyAtmosphere_UAID_A85E45CFE40401D200_1470382762 Label:SkyAtmosphere SpatiallyLoaded:false EditorBounds:IsValid=true, Min=(X=0.000 Y=0.000 Z=0.000), Max=(X=0.000 Y=0.000 Z=0.000) RuntimeBounds:IsValid=true, Min=(X=0.000 Y=0.000 Z=0.000), Max=(X=0.000 Y=0.000 Z=0.000) RuntimeGrid:None EditorOnly:false RuntimeOnly:false HLODRelevant:false ListedInSceneOutliner:true IsMainWorldOnly:false FolderPath:Lighting FolderGuid:B7E9BD5B45A652654791988DEF54CCEB
 |   |   |- [+] [  4]
 |   |   |   |- Guid:5368FABB47D6D9580DAECA8B0417BF92 NativeClass:/Script/Engine.WorldDataLayers Name:WorldDataLayers Label:WorldDataLayers-1 SpatiallyLoaded:false EditorBounds:IsValid=false, Min=(X=0.000 Y=0.000 Z=0.000), Max=(X=0.000 Y=0.000 Z=0.000) RuntimeBounds:IsValid=false, Min=(X=0.000 Y=0.000 Z=0.000), Max=(X=0.000 Y=0.000 Z=0.000) RuntimeGrid:None EditorOnly:false RuntimeOnly:false HLODRelevant:false ListedInSceneOutliner:true IsMainWorldOnly:true
 |   |   |- [+] [  5]
 |   |   |   |- Guid:713AEC1349CED5DCFEA1EE87EA7713BA BaseClass:/Game/Enemies/Fighter/FighterSpawn.FighterSpawn_C NativeClass:/Script/Engine.Actor Name:FighterSpawn_C_UAID_D85ED37C95663F4102_1806650223 Label:FighterSpawn SpatiallyLoaded:true EditorBounds:IsValid=true, Min=(X=2888.125 Y=-200.000 Z=790.000), Max=(X=4170.400 Y=1300.000 Z=2290.000) RuntimeBounds:IsValid=true, Min=(X=2888.125 Y=-200.000 Z=790.000), Max=(X=4170.400 Y=1300.000 Z=2290.000) RuntimeGrid:None EditorOnly:false RuntimeOnly:false HLODRelevant:false ListedInSceneOutliner:true IsMainWorldOnly:false
 |   |   |- [+] [  6]
 |   |   |   |- Guid:7D9890D341DC5A2324C8A4AACF8D1D0A BaseClass:/Game/Ship/Ship.Ship_C NativeClass:/Script/Engine.Character Name:Ship_C_UAID_74D83E79ADE1652402_1356312288 Label:Ship SpatiallyLoaded:true EditorBounds:IsValid=true, Min=(X=-16014.000 Y=-568.500 Z=1316.000), Max=(X=-13994.000 Y=1451.500 Z=3336.000) RuntimeBounds:IsValid=true, Min=(X=-15511.000 Y=70.738 Z=2180.000), Max=(X=-14935.000 Y=810.540 Z=2406.118) RuntimeGrid:None EditorOnly:false RuntimeOnly:false HLODRelevant:false ListedInSceneOutliner:true IsMainWorldOnly:false
 |   |   |- [+] [  7]
 |   |   |   |- Guid:81F21FA74DD2A04A28EE498D7BD9A7A1 BaseClass:/Game/Enemies/Fighter/FighterSpawn.FighterSpawn_C NativeClass:/Script/Engine.Actor Name:FighterSpawn_C_UAID_D85ED37C9566444102_1109541104 Label:FighterSpawn2 SpatiallyLoaded:true EditorBounds:IsValid=true, Min=(X=2898.125 Y=12170.000 Z=790.000), Max=(X=4180.400 Y=13670.000 Z=2290.000) RuntimeBounds:IsValid=true, Min=(X=2898.125 Y=12170.000 Z=790.000), Max=(X=4180.400 Y=13670.000 Z=2290.000) RuntimeGrid:None EditorOnly:false RuntimeOnly:false HLODRelevant:false ListedInSceneOutliner:true IsMainWorldOnly:false
 |- ContainerInstances:
 |- [+] MainContainer:
 |   |-        ID: 00000000000000000000000000000000
 |   |-  ParentID: 00000000000000000000000000000000
 |   |-    Bounds: IsValid=true, Min=(X=-15511.000 Y=-200.000 Z=790.000), Max=(X=4180.400 Y=13670.000 Z=2406.118)
 |   |- Transform: 0.000000,0.000000,0.000000|0.000000,0.000000,-0.000000|1.000000,1.000000,1.000000
 |   |- Container: /Game/base
----------------------------------------------------------------------------------------------------------------
base - Persistent Level
----------------------------------------------------------------------------------------------------------------
[+] Content of base Persistent Level
 |- Always loaded Actor Count: 5 
 |- Actor Path: /Game/base.base:PersistentLevel.Landscape_UAID_A85E45CFE404FBD100_1221515703
 |- Actor Package: /Game/__ExternalActors__/base/B/UC/YNUKB7SZ45T9Z070204NIH
 |- Actor Path: /Game/base.base:PersistentLevel.SkyAtmosphere_UAID_A85E45CFE40401D200_1470382762
 |- Actor Package: /Game/__ExternalActors__/base/E/DJ/EVNZXB5S3EPU7AC59FASFL
 |- Actor Path: /Game/base.base:PersistentLevel.SkyLight_UAID_A85E45CFE40401D200_1470380759
 |- Actor Package: /Game/__ExternalActors__/base/B/N1/Y34CLOUKSQ6OQLKGEG492S
 |- Actor Path: /Game/base.base:PersistentLevel.StaticMeshActor_UAID_A4AE111137DC54FB00_1240666663
 |- Actor Package: /Game/__ExternalActors__/base/2/S0/YYE3DE8GXSLBIKACSNCA93
 |- Actor Path: /Game/base.base:PersistentLevel.WorldDataLayers
 |- Actor Package: /Game/__ExternalActors__/base/3/NN/U6DQQTNKY6YRRIHKZAINAZ

----------------------------------------------------------------------------------------------------------------
base - Runtime Hash Set
----------------------------------------------------------------------------------------------------------------
[+] Content of Cell base_MainGrid_L0_X-1_Y0_Z0 (0B8W3RQVGDZUGYD3TMU0ZD7R6)
 |- Actor Count: 1
 |- Content Bounds: IsValid=true, Min=(X=-15511.000 Y=70.738 Z=2180.000), Max=(X=-14935.000 Y=810.540 Z=2406.118)
 |- Cell Bounds: IsValid=true, Min=(X=-25200.000 Y=0.000 Z=0.000), Max=(X=0.000 Y=25200.000 Z=25200.000)
 |- Is 2D: False
 |- [+] /Game/base.base:PersistentLevel.Ship_C_UAID_74D83E79ADE1652402_1356312288
 |   |-         Package: /Game/__ExternalActors__/base/7/KM/VNSKCK4W44SNW1Y3BAMUVQ
 |   |-     Editor Only: 0
 |   |-   Instance Guid: 7D9890D341DC5A2324C8A4AACF8D1D0A
 |   |- [+] Container:
 |   |   |-        ID: 00000000000000000000000000000000
 |   |   |- Transform: 0.000000,0.000000,0.000000|0.000000,0.000000,-0.000000|1.000000,1.000000,1.000000
[+] Content of Cell base_MainGrid_L0_X0_Y0_Z0 (5KET2J5MQLLR1ZESCC0Y8QTVY)
 |- Actor Count: 2
 |- Content Bounds: IsValid=true, Min=(X=2888.125 Y=0.000 Z=790.000), Max=(X=4180.400 Y=13670.000 Z=2290.000)
 |- Cell Bounds: IsValid=true, Min=(X=0.000 Y=0.000 Z=0.000), Max=(X=25200.000 Y=25200.000 Z=25200.000)
 |- Is 2D: False
 |- [+] /Game/base.base:PersistentLevel.FighterSpawn_C_UAID_D85ED37C95663F4102_1806650223
 |   |-         Package: /Game/__ExternalActors__/base/6/CI/PC7A6X8N32EHCNB62I9850
 |   |-     Editor Only: 0
 |   |-   Instance Guid: 713AEC1349CED5DCFEA1EE87EA7713BA
 |   |- [+] Container:
 |   |   |-        ID: 00000000000000000000000000000000
 |   |   |- Transform: 0.000000,0.000000,0.000000|0.000000,0.000000,-0.000000|1.000000,1.000000,1.000000
 |- [+] /Game/base.base:PersistentLevel.FighterSpawn_C_UAID_D85ED37C9566444102_1109541104
 |   |-         Package: /Game/__ExternalActors__/base/A/NS/49XDOBARBEE7YKQRT1G92P
 |   |-     Editor Only: 0
 |   |-   Instance Guid: 81F21FA74DD2A04A28EE498D7BD9A7A1
 |   |- [+] Container:
 |   |   |-        ID: 00000000000000000000000000000000
 |   |   |- Transform: 0.000000,0.000000,0.000000|0.000000,0.000000,-0.000000|1.000000,1.000000,1.000000

